\BOOKMARK [1][-]{section*.1}{\376\377\144\130\211\201}{}% 1
\BOOKMARK [1][-]{section*.2}{\376\377\000A\000b\000s\000t\000r\000a\000c\000t}{}% 2
\BOOKMARK [1][-]{section.1}{\376\377\176\352\213\272}{}% 3
\BOOKMARK [2][-]{subsection.1.1}{\376\377\213\376\230\230\200\314\146\157\123\312\141\017\116\111}{section.1}% 4
\BOOKMARK [2][-]{subsection.1.2}{\376\377\126\375\121\205\131\026\170\024\172\166\163\260\162\266}{section.1}% 5
\BOOKMARK [3][-]{subsubsection.1.2.1}{\376\377\126\375\226\105\170\024\172\166\217\333\134\125\140\305\121\265}{subsection.1.2}% 6
\BOOKMARK [3][-]{subsubsection.1.2.2}{\376\377\126\375\121\205\170\024\172\166\217\333\134\125\140\305\121\265}{subsection.1.2}% 7
\BOOKMARK [3][-]{subsubsection.1.2.3}{\376\377\142\200\147\057\123\321\134\125\215\213\122\277}{subsection.1.2}% 8
\BOOKMARK [2][-]{subsection.1.3}{\376\377\213\272\145\207\116\073\211\201\170\024\172\166\121\205\133\271\123\312\133\211\143\222}{section.1}% 9
\BOOKMARK [1][-]{section.2}{\376\377\000S\000Q\000U\000I\000D\123\312\170\301\127\072\150\300\155\113\164\006\213\272\170\024\172\166}{}% 10
\BOOKMARK [2][-]{subsection.2.1}{\376\377\137\025\212\000}{section.2}% 11
\BOOKMARK [2][-]{subsection.2.2}{\376\377\215\205\133\374\221\317\133\120\136\162\155\211\116\352\135\345\117\134\123\237\164\006}{section.2}% 12
\BOOKMARK [2][-]{subsection.2.3}{\376\377\170\301\127\072\122\006\136\003\164\006\213\272}{section.2}% 13
\BOOKMARK [2][-]{subsection.2.4}{\376\377\170\301\127\072\122\006\136\003\166\204\165\065\170\301\123\315\157\024}{section.2}% 14
\BOOKMARK [3][-]{subsubsection.2.4.1}{\376\377\120\205\221\314\123\366\123\330\143\142\124\214\120\205\221\314\123\366\220\006\123\330\143\142}{subsection.2.4}% 15
\BOOKMARK [3][-]{subsubsection.2.4.2}{\376\377\124\011\155\052\213\372\131\053\153\143\122\031\123\026}{subsection.2.4}% 16
\BOOKMARK [2][-]{subsection.2.5}{\376\377\147\054\172\340\134\017\176\323}{section.2}% 17
\BOOKMARK [1][-]{section.3}{\376\377\170\301\134\117\205\075\142\200\147\057\170\024\172\166}{}% 18
\BOOKMARK [2][-]{subsection.3.1}{\376\377\137\025\212\000}{section.3}% 19
\BOOKMARK [2][-]{subsection.3.2}{\376\377\232\330\170\301\133\374\163\207\147\120\145\231\166\204\210\253\122\250\170\301\134\117\205\075}{section.3}% 20
\BOOKMARK [3][-]{subsubsection.3.2.1}{\376\377\227\131\170\301\127\072\116\055\134\117\205\075\145\110\147\234\164\006\213\272\213\241\173\227}{subsection.3.2}% 21
\BOOKMARK [3][-]{subsubsection.3.2.2}{\376\377\134\117\205\075\150\166\213\276\213\241}{subsection.3.2}% 22
\BOOKMARK [2][-]{subsection.3.3}{\376\377\127\372\116\216\232\330\156\051\215\205\133\374\147\120\145\231\166\204\210\253\122\250\170\301\134\117\205\075}{section.3}% 23
\BOOKMARK [3][-]{subsubsection.3.3.1}{\376\377\164\006\213\272\122\006\147\220}{subsection.3.3}% 24
\BOOKMARK [3][-]{subsubsection.3.3.2}{\376\377\147\011\226\120\121\103\116\377\167\037\122\006\147\220}{subsection.3.3}% 25
\BOOKMARK [2][-]{subsection.3.4}{\376\377\116\073\122\250\122\250\140\001\210\145\120\177\170\301\134\117\205\075}{section.3}% 26
\BOOKMARK [2][-]{subsection.3.5}{\376\377\145\260\127\213\116\073\210\253\122\250\170\301\134\117\205\075}{section.3}% 27
\BOOKMARK [3][-]{subsubsection.3.5.1}{\376\377\140\122\133\232\131\026\170\301\127\072\116\013\377\014\134\117\205\075\145\110\200\375\166\204\122\006\147\220}{subsection.3.5}% 28
\BOOKMARK [3][-]{subsubsection.3.5.2}{\376\377\116\244\123\330\131\026\170\301\127\072\116\013\377\014\134\117\205\075\145\110\200\375\166\204\122\006\147\220}{subsection.3.5}% 29
\BOOKMARK [2][-]{subsection.3.6}{\376\377\127\072\121\267\116\016\226\366\127\072\121\267}{section.3}% 30
\BOOKMARK [3][-]{subsubsection.3.6.1}{\376\377\226\366\127\072\121\267\140\305\121\265\116\013\377\014\134\117\205\075\145\110\200\375\166\204\122\006\147\220}{subsection.3.6}% 31
\BOOKMARK [3][-]{subsubsection.3.6.2}{\376\377\127\072\121\267\140\305\121\265\116\013\377\014\134\117\205\075\145\110\200\375\166\204\122\006\147\220}{subsection.3.6}% 32
\BOOKMARK [3][-]{subsubsection.3.6.3}{\376\377\164\006\213\272\122\006\147\220}{subsection.3.6}% 33
\BOOKMARK [2][-]{subsection.3.7}{\376\377\147\054\172\340\134\017\176\323}{section.3}% 34
\BOOKMARK [1][-]{section.4}{\376\377\127\372\116\216\000S\000Q\000U\000I\000D\170\301\200\132\161\046\126\150\170\024\172\166\116\016\213\276\213\241}{}% 35
\BOOKMARK [2][-]{subsection.4.1}{\376\377\137\025\212\000}{section.4}% 36
\BOOKMARK [2][-]{subsection.4.2}{\376\377\170\301\200\132\161\046\126\150\127\372\147\054\164\006\213\272}{section.4}% 37
\BOOKMARK [3][-]{subsubsection.4.2.1}{\376\377\220\000\170\301\127\072\166\204\213\241\173\227}{subsection.4.2}% 38
\BOOKMARK [3][-]{subsubsection.4.2.2}{\376\377\145\160\120\074\122\006\147\220}{subsection.4.2}% 39
\BOOKMARK [2][-]{subsection.4.3}{\376\377\147\011\226\120\121\103\116\377\167\037\122\006\147\220}{section.4}% 40
\BOOKMARK [2][-]{subsection.4.4}{\376\377\170\301\200\132\161\046\126\150\170\301\133\374\163\207\155\113\221\317}{section.4}% 41
\BOOKMARK [3][-]{subsubsection.4.4.1}{\376\377\170\301\133\374\163\207\155\113\221\317\213\325\232\214\210\305\177\156}{subsection.4.4}% 42
\BOOKMARK [3][-]{subsubsection.4.4.2}{\376\377\170\301\133\374\163\207\155\113\221\317\176\323\147\234}{subsection.4.4}% 43
\BOOKMARK [2][-]{subsection.4.5}{\376\377\170\301\200\132\161\046\126\150\136\224\165\050\116\216\170\301\117\040\141\037\126\150}{section.4}% 44
\BOOKMARK [2][-]{subsection.4.6}{\376\377\147\054\172\340\134\017\176\323}{section.4}% 45
\BOOKMARK [1][-]{section.5}{\376\377\127\372\116\216\000S\000Q\000U\000I\000D\166\204\170\301\146\076\137\256\155\113\221\317\137\256\177\072\226\167\174\373\176\337\144\055\136\372\124\214\133\236\232\214\232\214\213\301\116\016\122\006\147\220}{}% 46
\BOOKMARK [2][-]{subsection.5.1}{\376\377\137\025\212\000}{section.5}% 47
\BOOKMARK [2][-]{subsection.5.2}{\376\377\174\373\176\337\150\067\147\072\140\073\117\123\213\276\213\241}{section.5}% 48
\BOOKMARK [2][-]{subsection.5.3}{\376\377\145\160\143\156\221\307\226\306\152\041\127\127\166\204\213\276\213\241\116\016\133\236\163\260}{section.5}% 49
\BOOKMARK [2][-]{subsection.5.4}{\376\377\116\015\124\014\232\330\136\246\000z\142\020\120\317}{section.5}% 50
\BOOKMARK [1][-]{section*.9}{\376\377\123\302\200\003\145\207\163\056}{}% 51
